TN:
SF:contracts/access/AccessControlManager.sol
DA:14,11
FN:14,AccessControlManager.constructor
FNDA:11,AccessControlManager.constructor
DA:15,11
DA:18,10
FN:18,AccessControlManager.grantRole
FNDA:10,AccessControlManager.grantRole
DA:19,10
DA:22,1
FN:22,AccessControlManager.revokeRole
FNDA:1,AccessControlManager.revokeRole
DA:23,1
DA:26,24
FN:26,AccessControlManager.hasRole
FNDA:24,AccessControlManager.hasRole
DA:27,46
FNF:4
FNH:4
LF:8
LH:8
BRF:0
BRH:0
end_of_record
TN:
SF:contracts/core/AMM.sol
DA:65,27
FN:65,AMM.constructor
FNDA:27,AMM.constructor
DA:71,27
BRDA:71,0,0,1
DA:72,1
DA:74,26
BRDA:74,1,0,1
DA:75,1
DA:78,25
BRDA:78,2,0,6
DA:79,6
DA:82,25
DA:83,25
DA:86,1319
FN:86,AMM.addLiquidity
FNDA:1319,AMM.addLiquidity
DA:91,1319
BRDA:91,3,0,12
DA:92,12
DA:95,1307
DA:97,1307
BRDA:97,4,0,1307
BRDA:97,4,1,0
DA:98,1307
DA:99,1181
BRDA:99,5,0,18
DA:100,18
DA:103,0
DA:104,0
DA:106,0
DA:111,1163
BRDA:111,6,0,71
DA:112,71
DA:115,1092
DA:116,1092
DA:118,1092
DA:120,1092
DA:121,1003
DA:123,1003
DA:126,346
FN:126,AMM.removeLiquidity
FNDA:346,AMM.removeLiquidity
DA:131,346
BRDA:131,7,0,7
DA:132,7
DA:135,339
DA:136,339
BRDA:136,8,0,339
DA:137,339
DA:140,0
DA:141,0
DA:143,0
BRDA:143,9,0,-
DA:144,0
DA:147,0
DA:148,0
DA:150,0
DA:152,0
DA:153,0
DA:155,0
DA:158,335
FN:158,AMM.swapToken0ForToken1
FNDA:335,AMM.swapToken0ForToken1
DA:163,335
BRDA:163,10,0,6
DA:164,6
DA:166,329
BRDA:166,11,0,327
DA:167,327
DA:170,2
DA:171,2
DA:173,2
DA:175,2
BRDA:175,12,0,0
DA:176,0
DA:178,2
BRDA:178,13,0,1
DA:179,1
DA:181,1
BRDA:181,14,0,0
DA:182,0
DA:185,1
DA:186,1
DA:187,1
DA:189,1
DA:190,1
DA:192,1
DA:195,373
FN:195,AMM.swapToken1ForToken0
FNDA:373,AMM.swapToken1ForToken0
DA:200,373
BRDA:200,15,0,12
DA:201,12
DA:203,361
BRDA:203,16,0,360
DA:204,360
DA:207,1
DA:208,1
DA:210,1
DA:212,1
BRDA:212,17,0,0
DA:213,0
DA:215,1
BRDA:215,18,0,0
DA:216,0
DA:218,1
BRDA:218,19,0,0
DA:219,0
DA:222,1
DA:223,1
DA:224,1
DA:226,1
DA:227,1
DA:229,1
DA:232,402
FN:232,AMM.withdrawFees
FNDA:402,AMM.withdrawFees
DA:233,1
BRDA:233,20,0,1
DA:234,1
DA:237,0
DA:238,0
DA:240,0
DA:241,0
DA:243,0
BRDA:243,21,0,-
DA:244,0
DA:246,0
BRDA:246,22,0,-
DA:247,0
DA:250,0
DA:253,0
FN:253,AMM.getAmountOut
FNDA:0,AMM.getAmountOut
DA:258,0
BRDA:258,23,0,-
DA:259,0
DA:262,2
FN:262,AMM.getPrice
FNDA:2,AMM.getPrice
DA:263,2
BRDA:263,24,0,0
DA:264,2
DA:267,0
FN:267,AMM.getReserves
FNDA:0,AMM.getReserves
DA:268,0
DA:271,0
FN:271,AMM.getK
FNDA:0,AMM.getK
DA:272,0
DA:275,3
FN:275,AMM._getAmountOut
FNDA:3,AMM._getAmountOut
DA:280,3
BRDA:280,25,0,0
DA:281,0
DA:284,3
DA:285,3
DA:286,3
FNF:11
FNH:8
LF:112
LH:77
BRF:27
BRH:15
end_of_record
TN:
SF:contracts/core/AMMFactory.sol
DA:30,2
FN:30,AMMFactory.createPairCREATE
FNDA:2,AMMFactory.createPairCREATE
DA:31,2
BRDA:31,0,0,0
DA:32,0
DA:34,2
BRDA:34,1,0,1
DA:35,1
DA:38,1
BRDA:38,2,0,0
DA:39,0
DA:42,1
BRDA:42,3,0,0
DA:43,0
DA:46,1
DA:48,1
DA:49,1
DA:51,1
DA:54,1
FN:54,AMMFactory.createPairCREATE2
FNDA:1,AMMFactory.createPairCREATE2
DA:55,1
BRDA:55,4,0,0
DA:56,0
DA:58,1
BRDA:58,5,0,0
DA:59,0
DA:62,1
BRDA:62,6,0,0
DA:63,0
DA:66,1
BRDA:66,7,0,0
DA:67,0
DA:70,1
DA:72,1
DA:74,1
DA:75,1
DA:77,1
DA:80,1
FN:80,AMMFactory.predictAddress
FNDA:1,AMMFactory.predictAddress
DA:81,1
BRDA:81,8,0,0
DA:82,0
DA:85,1
DA:86,1
DA:87,1
DA:88,1
DA:90,1
DA:92,1
DA:108,1
FN:108,AMMFactory.allPairsLength
FNDA:1,AMMFactory.allPairsLength
DA:109,1
FNF:4
FNH:4
LF:38
LH:30
BRF:9
BRH:1
end_of_record
TN:
SF:contracts/core/AMMV2.sol
DA:74,21
FN:74,AMMV2.constructor
FNDA:21,AMMV2.constructor
DA:75,21
DA:78,21
FN:78,AMMV2.initialize
FNDA:21,AMMV2.initialize
DA:84,21
BRDA:84,0,0,0
DA:85,0
DA:87,21
BRDA:87,1,0,0
DA:88,0
DA:91,21
BRDA:91,2,0,0
DA:92,0
DA:95,21
DA:96,21
DA:98,21
DA:99,21
DA:101,21
DA:102,21
DA:105,4019
FN:105,AMMV2.addLiquidity
FNDA:4019,AMMV2.addLiquidity
DA:110,4019
BRDA:110,3,0,0
DA:111,0
DA:114,4019
DA:116,4019
BRDA:116,4,0,18
BRDA:116,4,1,484
DA:117,18
DA:119,18
BRDA:119,5,0,0
DA:120,0
DA:123,4001
DA:124,4001
DA:126,4001
DA:131,4019
BRDA:131,6,0,0
DA:132,0
DA:135,4019
DA:136,4019
DA:138,4019
DA:140,4019
DA:141,4019
DA:143,4019
DA:146,1001
FN:146,AMMV2.removeLiquidity
FNDA:1001,AMMV2.removeLiquidity
DA:151,1001
BRDA:151,7,0,0
DA:152,0
DA:155,1001
DA:156,1001
BRDA:156,8,0,0
DA:157,0
DA:160,1001
DA:161,1001
DA:163,1001
BRDA:163,9,0,0
DA:164,0
DA:167,1001
DA:168,1001
DA:170,1001
DA:172,1001
DA:173,1001
DA:175,1001
DA:178,3001
FN:178,AMMV2.swapToken0ForToken1
FNDA:3001,AMMV2.swapToken0ForToken1
DA:183,3001
BRDA:183,10,0,0
DA:184,0
DA:186,3001
BRDA:186,11,0,0
DA:187,0
DA:190,3001
DA:191,3001
DA:193,3001
DA:195,3001
BRDA:195,12,0,0
DA:196,0
DA:198,3001
BRDA:198,13,0,1000
DA:199,1000
DA:202,2001
DA:203,2001
DA:204,2001
DA:206,2001
DA:207,2001
DA:209,2001
DA:212,0
FN:212,AMMV2.swapToken1ForToken0
FNDA:0,AMMV2.swapToken1ForToken0
DA:217,0
BRDA:217,14,0,-
DA:218,0
DA:220,0
BRDA:220,15,0,-
DA:221,0
DA:224,0
DA:225,0
DA:227,0
DA:229,0
BRDA:229,16,0,-
DA:230,0
DA:232,0
BRDA:232,17,0,-
DA:233,0
DA:236,0
DA:237,0
DA:238,0
DA:240,0
DA:241,0
DA:243,0
DA:246,0
FN:246,AMMV2.withdrawFees
FNDA:0,AMMV2.withdrawFees
DA:247,0
BRDA:247,18,0,-
DA:248,0
DA:251,0
DA:252,0
DA:254,0
DA:255,0
DA:257,0
BRDA:257,19,0,-
DA:258,0
DA:260,0
BRDA:260,20,0,-
DA:261,0
DA:264,0
DA:267,0
FN:267,AMMV2.getAmountOut
FNDA:0,AMMV2.getAmountOut
DA:272,0
BRDA:272,21,0,-
DA:273,0
DA:276,2
FN:276,AMMV2.getPrice
FNDA:2,AMMV2.getPrice
DA:277,2
BRDA:277,22,0,0
DA:278,2
DA:281,2001
FN:281,AMMV2.getReserves
FNDA:2001,AMMV2.getReserves
DA:282,2001
DA:285,2001
FN:285,AMMV2.getK
FNDA:2001,AMMV2.getK
DA:286,2001
DA:289,3001
FN:289,AMMV2._getAmountOut
FNDA:3001,AMMV2._getAmountOut
DA:294,3001
BRDA:294,23,0,0
DA:295,0
DA:298,3001
DA:299,3001
DA:300,3001
DA:303,0
FN:303,AMMV2.setFlashLoanFee
FNDA:0,AMMV2.setFlashLoanFee
DA:304,0
BRDA:304,24,0,-
BRDA:304,24,1,-
DA:305,0
DA:308,0
FN:308,AMMV2.setFlashLoanEnabled
FNDA:0,AMMV2.setFlashLoanEnabled
DA:309,0
DA:312,0
FN:312,AMMV2.flashLoan
FNDA:0,AMMV2.flashLoan
DA:318,0
BRDA:318,25,0,-
DA:319,0
BRDA:319,26,0,-
DA:320,0
BRDA:320,27,0,-
DA:322,0
DA:323,0
DA:325,0
DA:326,0
DA:328,0
DA:329,0
DA:331,0
BRDA:331,28,0,-
DA:332,0
DA:334,0
BRDA:334,29,0,-
DA:335,0
DA:338,0
DA:348,0
DA:349,0
DA:351,0
BRDA:351,30,0,-
DA:352,0
BRDA:352,31,0,-
DA:354,0
DA:355,0
DA:356,0
DA:357,0
DA:359,0
DA:360,0
DA:363,0
FN:363,AMMV2._authorizeUpgrade
FNDA:0,AMMV2._authorizeUpgrade
FNF:16
FNH:9
LF:145
LH:68
BRF:34
BRH:3
end_of_record
TN:
SF:contracts/core/YieldVault.sol
DA:19,13
FN:19,YieldVault.constructor
FNDA:13,YieldVault.constructor
DA:20,13
DA:23,385
FN:23,YieldVault.initialize
FNDA:385,YieldVault.initialize
DA:29,13
DA:30,13
DA:31,13
DA:33,13
DA:34,13
DA:37,307
FN:37,YieldVault.harvest
FNDA:307,YieldVault.harvest
DA:38,307
DA:40,0
DA:41,0
DA:44,0
FN:44,YieldVault.totalAssets
FNDA:0,YieldVault.totalAssets
DA:45,6980
DA:48,0
FN:48,YieldVault._authorizeUpgrade
FNDA:0,YieldVault._authorizeUpgrade
FNF:5
FNH:3
LF:15
LH:11
BRF:0
BRH:0
end_of_record
TN:
SF:contracts/core/lending/LendingPool.sol
DA:29,0
FN:29,LendingPool.constructor
FNDA:0,LendingPool.constructor
DA:30,0
DA:31,0
DA:32,0
DA:35,0
FN:35,LendingPool.setInterestRate
FNDA:0,LendingPool.setInterestRate
DA:36,0
DA:39,0
FN:39,LendingPool.setLTV
FNDA:0,LendingPool.setLTV
DA:40,0
BRDA:40,0,0,-
BRDA:40,0,1,-
DA:41,0
DA:44,0
FN:44,LendingPool.depositAndBorrow
FNDA:0,LendingPool.depositAndBorrow
DA:50,0
BRDA:50,1,0,-
BRDA:50,1,1,-
DA:51,0
DA:53,0
DA:54,0
BRDA:54,2,0,-
BRDA:54,2,1,-
DA:56,0
DA:64,0
DA:65,0
DA:68,0
FN:68,LendingPool.getHealthFactor
FNDA:0,LendingPool.getHealthFactor
DA:69,0
DA:70,0
BRDA:70,3,0,-
DA:71,0
BRDA:71,4,0,-
DA:72,0
DA:75,0
FN:75,LendingPool.liquidate
FNDA:0,LendingPool.liquidate
DA:76,0
DA:77,0
BRDA:77,5,0,-
BRDA:77,5,1,-
DA:78,0
BRDA:78,6,0,-
BRDA:78,6,1,-
DA:80,0
DA:81,0
DA:82,0
DA:84,0
FNF:6
FNH:0
LF:30
LH:0
BRF:12
BRH:0
end_of_record
TN:
SF:contracts/governance/GovernanceToken.sol
DA:11,29
FN:11,GovernanceToken.constructor
FNDA:29,GovernanceToken.constructor
DA:16,29
DA:19,3014
FN:19,GovernanceToken.mint
FNDA:3014,GovernanceToken.mint
DA:20,3012
DA:23,1003
FN:23,GovernanceToken.burn
FNDA:1003,GovernanceToken.burn
DA:24,1003
DA:27,5050
FN:27,GovernanceToken._update
FNDA:5050,GovernanceToken._update
DA:31,5050
DA:34,0
FN:34,GovernanceToken.nonces
FNDA:0,GovernanceToken.nonces
DA:40,0
FNF:5
FNH:4
LF:10
LH:8
BRF:0
BRH:0
end_of_record
TN:
SF:contracts/governance/MyGovernor.sol
DA:21,0
FN:21,MyGovernor.votingDelay
FNDA:0,MyGovernor.votingDelay
DA:22,0
DA:25,0
FN:25,MyGovernor.votingPeriod
FNDA:0,MyGovernor.votingPeriod
DA:26,0
DA:29,0
FN:29,MyGovernor.quorum
FNDA:0,MyGovernor.quorum
DA:30,0
DA:33,0
FN:33,MyGovernor.proposalThreshold
FNDA:0,MyGovernor.proposalThreshold
DA:34,0
DA:37,0
FN:37,MyGovernor._executeOperations
FNDA:0,MyGovernor._executeOperations
DA:44,0
DA:47,0
FN:47,MyGovernor._queueOperations
FNDA:0,MyGovernor._queueOperations
DA:54,0
DA:57,0
FN:57,MyGovernor._cancel
FNDA:0,MyGovernor._cancel
DA:63,0
DA:66,0
FN:66,MyGovernor._executor
FNDA:0,MyGovernor._executor
DA:67,0
DA:70,0
FN:70,MyGovernor.state
FNDA:0,MyGovernor.state
DA:71,0
DA:74,0
FN:74,MyGovernor.proposalNeedsQueuing
FNDA:0,MyGovernor.proposalNeedsQueuing
DA:75,0
DA:78,0
FN:78,MyGovernor.supportsInterface
FNDA:0,MyGovernor.supportsInterface
DA:79,0
FNF:11
FNH:0
LF:22
LH:0
BRF:0
BRH:0
end_of_record
TN:
SF:contracts/governance/TimelockController.sol
DA:36,0
FN:36,GovernorContract.votingDelay
FNDA:0,GovernorContract.votingDelay
DA:37,0
DA:40,0
FN:40,GovernorContract.votingPeriod
FNDA:0,GovernorContract.votingPeriod
DA:41,0
DA:44,0
FN:44,GovernorContract.quorum
FNDA:0,GovernorContract.quorum
DA:50,0
DA:53,0
FN:53,GovernorContract.proposalThreshold
FNDA:0,GovernorContract.proposalThreshold
DA:59,0
DA:62,0
FN:62,GovernorContract.state
FNDA:0,GovernorContract.state
DA:68,0
DA:71,0
FN:71,GovernorContract.supportsInterface
FNDA:0,GovernorContract.supportsInterface
DA:77,0
DA:80,0
FN:80,GovernorContract.proposalNeedsQueuing
FNDA:0,GovernorContract.proposalNeedsQueuing
DA:86,0
DA:89,0
FN:89,GovernorContract._queueOperations
FNDA:0,GovernorContract._queueOperations
DA:96,0
DA:99,0
FN:99,GovernorContract._executeOperations
FNDA:0,GovernorContract._executeOperations
DA:106,0
DA:109,0
FN:109,GovernorContract._cancel
FNDA:0,GovernorContract._cancel
DA:115,0
DA:118,0
FN:118,GovernorContract._executor
FNDA:0,GovernorContract._executor
DA:124,0
FNF:11
FNH:0
LF:22
LH:0
BRF:0
BRH:0
end_of_record
TN:
SF:contracts/libraries/Math.sol
DA:5,1199
FN:5,Math.sqrt
FNDA:1199,Math.sqrt
DA:6,1199
BRDA:6,0,0,0
DA:7,1199
DA:8,1199
DA:9,85683
DA:10,84484
DA:11,84484
DA:13,1199
DA:16,0
FN:16,Math.getAmountOut
FNDA:0,Math.getAmountOut
DA:21,0
BRDA:21,1,0,-
DA:23,0
DA:24,0
DA:25,0
FNF:2
FNH:1
LF:13
LH:8
BRF:2
BRH:0
end_of_record
TN:
SF:contracts/oracles/ChainlinkPriceFeed.sol
DA:17,5
FN:17,ChainlinkPriceFeed.constructor
FNDA:5,ChainlinkPriceFeed.constructor
DA:18,5
BRDA:18,0,0,1
DA:19,4
DA:20,4
DA:23,2
FN:23,ChainlinkPriceFeed.getLatestPrice
FNDA:2,ChainlinkPriceFeed.getLatestPrice
DA:24,3
DA:26,3
BRDA:26,1,0,0
DA:27,3
BRDA:27,2,0,0
DA:28,3
BRDA:28,3,0,1
DA:29,2
BRDA:29,4,0,0
DA:30,2
BRDA:30,5,0,0
DA:32,2
DA:35,1
FN:35,ChainlinkPriceFeed.getPriceInUsd
FNDA:1,ChainlinkPriceFeed.getPriceInUsd
DA:36,1
DA:37,1
DA:40,0
FN:40,ChainlinkPriceFeed.setStalenessThreshold
FNDA:0,ChainlinkPriceFeed.setStalenessThreshold
DA:41,0
DA:42,0
FNF:4
FNH:3
LF:18
LH:15
BRF:6
BRH:2
end_of_record
TN:
SF:contracts/oracles/mocks/MockChainlinkAggregator.sol
DA:9,4
FN:9,MockChainlinkAggregator.constructor
FNDA:4,MockChainlinkAggregator.constructor
DA:10,4
DA:11,4
DA:12,4
DA:15,3
FN:15,MockChainlinkAggregator.latestRoundData
FNDA:3,MockChainlinkAggregator.latestRoundData
DA:26,3
DA:29,0
FN:29,MockChainlinkAggregator.setPrice
FNDA:0,MockChainlinkAggregator.setPrice
DA:30,0
DA:31,0
DA:32,0
DA:35,1
FN:35,MockChainlinkAggregator.setStale
FNDA:1,MockChainlinkAggregator.setStale
DA:37,1
FNF:4
FNH:3
LF:12
LH:8
BRF:0
BRH:0
end_of_record
TN:
SF:contracts/oracles/mocks/MockERC20.sol
DA:7,0
FN:7,MockERC20.constructor
FNDA:0,MockERC20.constructor
DA:8,0
DA:11,0
FN:11,MockERC20.mint
FNDA:0,MockERC20.mint
DA:12,0
FNF:2
FNH:0
LF:4
LH:0
BRF:0
BRH:0
end_of_record
TN:
SF:contracts/tokens/GameItems.sol
DA:7,0
FN:7,GameItems.constructor
FNDA:0,GameItems.constructor
DA:8,0
DA:9,0
DA:11,0
FN:11,GameItems.mint
FNDA:0,GameItems.mint
DA:12,0
DA:14,0
FN:14,GameItems.supportsInterface
FNDA:0,GameItems.supportsInterface
DA:15,0
FNF:3
FNH:0
LF:7
LH:0
BRF:0
BRH:0
end_of_record
TN:
SF:contracts/tokens/TestToken.sol
DA:8,88
FN:8,TestToken.constructor
FNDA:88,TestToken.constructor
DA:13,88
DA:16,13708
FN:16,TestToken.mint
FNDA:13708,TestToken.mint
DA:17,13042
FNF:2
FNH:2
LF:4
LH:4
BRF:0
BRH:0
end_of_record
TN:
SF:script/AddLiquidity.s.sol
DA:9,0
FN:9,AddLiquidity.run
FNDA:0,AddLiquidity.run
DA:10,0
DA:11,0
DA:13,0
DA:14,0
DA:16,0
DA:18,0
DA:19,0
DA:20,0
DA:22,0
DA:23,0
DA:24,0
DA:26,0
DA:27,0
DA:29,0
DA:31,0
DA:33,0
DA:34,0
DA:35,0
DA:36,0
FNF:1
FNH:0
LF:20
LH:0
BRF:0
BRH:0
end_of_record
TN:
SF:script/CreatePair.s.sol
DA:8,0
FN:8,CreatePair.run
FNDA:0,CreatePair.run
DA:9,0
DA:10,0
DA:11,0
DA:13,0
DA:15,0
DA:17,0
DA:19,0
DA:21,0
DA:22,0
FNF:1
FNH:0
LF:10
LH:0
BRF:0
BRH:0
end_of_record
TN:
SF:script/DeployFactory.s.sol
DA:8,0
FN:8,DeployFactory.run
FNDA:0,DeployFactory.run
DA:9,0
DA:10,0
DA:11,0
DA:13,0
DA:14,0
FNF:1
FNH:0
LF:6
LH:0
BRF:0
BRH:0
end_of_record
TN:
SF:script/DeployTokens.s.sol
DA:8,0
FN:8,DeployTokens.run
FNDA:0,DeployTokens.run
DA:9,0
DA:11,0
DA:13,0
DA:15,0
DA:17,0
DA:19,0
DA:20,0
DA:21,0
DA:22,0
DA:23,0
FNF:1
FNH:0
LF:11
LH:0
BRF:0
BRH:0
end_of_record
TN:
SF:script/DeployVault.s.sol
DA:10,0
FN:10,DeployVault.run
FNDA:0,DeployVault.run
DA:11,0
DA:13,0
DA:14,0
DA:16,0
DA:18,0
DA:20,0
DA:28,0
DA:33,0
DA:34,0
DA:36,0
FNF:1
FNH:0
LF:11
LH:0
BRF:0
BRH:0
end_of_record
TN:
SF:script/SwapTokens.s.sol
DA:9,0
FN:9,SwapTokens.run
FNDA:0,SwapTokens.run
DA:10,0
DA:11,0
DA:13,0
DA:15,0
DA:17,0
DA:18,0
DA:20,0
DA:21,0
DA:23,0
DA:25,0
DA:27,0
DA:29,0
DA:30,0
DA:31,0
DA:32,0
DA:34,0
DA:35,0
FNF:1
FNH:0
LF:18
LH:0
BRF:0
BRH:0
end_of_record
TN:
SF:script/deployments/DeployL2.s.sol
DA:12,0
FN:12,DeployL2.run
FNDA:0,DeployL2.run
DA:13,0
DA:15,0
DA:17,0
DA:19,0
DA:21,0
DA:22,0
DA:24,0
DA:26,0
DA:27,0
DA:29,0
DA:31,0
DA:32,0
DA:34,0
DA:40,0
DA:42,0
DA:43,0
DA:44,0
DA:45,0
DA:46,0
FNF:1
FNH:0
LF:20
LH:0
BRF:0
BRH:0
end_of_record
